2025-05-23 11:10:40 INFO  o.h.validator.internal.util.Version - HV000001: Hibernate Validator 8.0.1.Final
2025-05-23 11:10:40 INFO  c.u.UserServiceApplication - Starting UserServiceApplication using Java 21.0.4 with PID 17044 (C:\Users\SHIVPAL\project\Stock market charting app\User Service\User-Service\target\classes started by shivpal in C:\Users\SHIVPAL\project\Stock market charting app\User Service\User-Service)
2025-05-23 11:10:40 INFO  c.u.UserServiceApplication - No active profile set, falling back to 1 default profile: "default"
2025-05-23 11:10:40 INFO  o.s.b.d.e.DevToolsPropertyDefaultsPostProcessor - Devtools property defaults active! Set 'spring.devtools.add-properties' to 'false' to disable
2025-05-23 11:10:40 INFO  o.s.b.d.e.DevToolsPropertyDefaultsPostProcessor - For additional web related logging consider setting the 'logging.level.web' property to 'DEBUG'
2025-05-23 11:10:43 INFO  o.s.d.r.c.RepositoryConfigurationDelegate - Bootstrapping Spring Data JPA repositories in DEFAULT mode.
2025-05-23 11:10:43 INFO  o.s.d.r.c.RepositoryConfigurationDelegate - Finished Spring Data repository scanning in 176 ms. Found 1 JPA repository interface.
2025-05-23 11:10:46 INFO  o.s.b.w.e.tomcat.TomcatWebServer - Tomcat initialized with port(s): 8081 (http)
2025-05-23 11:10:46 INFO  o.a.coyote.http11.Http11NioProtocol - Initializing ProtocolHandler ["http-nio-8081"]
2025-05-23 11:10:46 INFO  o.a.catalina.core.StandardService - Starting service [Tomcat]
2025-05-23 11:10:46 INFO  o.a.catalina.core.StandardEngine - Starting Servlet engine: [Apache Tomcat/10.1.19]
2025-05-23 11:10:46 INFO  o.a.c.c.C.[Tomcat].[localhost].[/] - Initializing Spring embedded WebApplicationContext
2025-05-23 11:10:46 INFO  o.s.b.w.s.c.ServletWebServerApplicationContext - Root WebApplicationContext: initialization completed in 5980 ms
2025-05-23 11:10:47 INFO  o.h.jpa.internal.util.LogHelper - HHH000204: Processing PersistenceUnitInfo [name: default]
2025-05-23 11:10:47 INFO  org.hibernate.Version - HHH000412: Hibernate ORM core version 6.2.22.Final
2025-05-23 11:10:47 INFO  org.hibernate.cfg.Environment - HHH000406: Using bytecode reflection optimizer
2025-05-23 11:10:48 INFO  o.s.o.j.p.SpringPersistenceUnitInfo - No LoadTimeWeaver setup: ignoring JPA class transformer
2025-05-23 11:10:48 INFO  com.zaxxer.hikari.HikariDataSource - HikariPool-1 - Starting...
2025-05-23 11:10:49 INFO  com.zaxxer.hikari.pool.HikariPool - HikariPool-1 - Added connection org.postgresql.jdbc.PgConnection@2b17a5b7
2025-05-23 11:10:49 INFO  com.zaxxer.hikari.HikariDataSource - HikariPool-1 - Start completed.
2025-05-23 11:10:49 WARN  org.hibernate.orm.deprecation - HHH90000025: PostgreSQLDialect does not need to be specified explicitly using 'hibernate.dialect' (remove the property setting and it will be selected by default)
2025-05-23 11:10:52 INFO  o.h.e.t.j.p.i.JtaPlatformInitiator - HHH000489: No JTA platform available (set 'hibernate.transaction.jta.platform' to enable JTA platform integration)
2025-05-23 11:10:52 INFO  o.s.o.j.LocalContainerEntityManagerFactoryBean - Initialized JPA EntityManagerFactory for persistence unit 'default'
2025-05-23 11:10:54 WARN  o.s.b.a.o.j.JpaBaseConfiguration$JpaWebConfiguration - spring.jpa.open-in-view is enabled by default. Therefore, database queries may be performed during view rendering. Explicitly configure spring.jpa.open-in-view to disable this warning
2025-05-23 11:10:55 WARN  o.s.b.a.s.s.UserDetailsServiceAutoConfiguration -

Using generated security password: 2931f4a7-7aa1-42bf-8fd9-9fc49a5b771f

This generated password is for development use only. Your security configuration must be updated before running your application in production.

2025-05-23 11:10:55 INFO  o.s.s.web.DefaultSecurityFilterChain - Will secure any request with [org.springframework.security.web.session.DisableEncodeUrlFilter@1145b329, org.springframework.security.web.context.request.async.WebAsyncManagerIntegrationFilter@40d6617f, org.springframework.security.web.context.SecurityContextHolderFilter@7895e917, org.springframework.security.web.header.HeaderWriterFilter@1b01ef0e, org.springframework.security.web.csrf.CsrfFilter@1e81d514, org.springframework.security.web.authentication.logout.LogoutFilter@27182843, org.springframework.security.web.authentication.UsernamePasswordAuthenticationFilter@6b5af165, org.springframework.security.web.authentication.ui.DefaultLoginPageGeneratingFilter@11a5fbd7, org.springframework.security.web.authentication.ui.DefaultLogoutPageGeneratingFilter@21c65dce, org.springframework.security.web.authentication.www.BasicAuthenticationFilter@7a5562fc, org.springframework.security.web.savedrequest.RequestCacheAwareFilter@fbcd50f, org.springframework.security.web.servletapi.SecurityContextHolderAwareRequestFilter@1bf425eb, org.springframework.security.web.authentication.AnonymousAuthenticationFilter@23f03e89, org.springframework.security.web.access.ExceptionTranslationFilter@59be79bf, org.springframework.security.web.access.intercept.AuthorizationFilter@4a7bfe01]
2025-05-23 11:10:56 INFO  o.s.b.d.a.OptionalLiveReloadServer - LiveReload server is running on port 35729
2025-05-23 11:10:56 INFO  o.a.coyote.http11.Http11NioProtocol - Starting ProtocolHandler ["http-nio-8081"]
2025-05-23 11:10:56 INFO  o.s.b.w.e.tomcat.TomcatWebServer - Tomcat started on port(s): 8081 (http) with context path ''
2025-05-23 11:10:56 INFO  c.u.UserServiceApplication - Started UserServiceApplication in 16.664 seconds (process running for 18.011)
2025-05-23 11:11:31 INFO  o.s.o.j.LocalContainerEntityManagerFactoryBean - Closing JPA EntityManagerFactory for persistence unit 'default'
2025-05-23 11:11:31 INFO  com.zaxxer.hikari.HikariDataSource - HikariPool-1 - Shutdown initiated...
2025-05-23 11:11:31 INFO  com.zaxxer.hikari.HikariDataSource - HikariPool-1 - Shutdown completed.
2025-05-23 11:11:34 INFO  o.h.validator.internal.util.Version - HV000001: Hibernate Validator 8.0.1.Final
2025-05-23 11:11:34 INFO  c.u.UserServiceApplication - Starting UserServiceApplication using Java 21.0.4 with PID 27544 (C:\Users\SHIVPAL\project\Stock market charting app\User Service\User-Service\target\classes started by shivpal in C:\Users\SHIVPAL\project\Stock market charting app\User Service\User-Service)
2025-05-23 11:11:34 INFO  c.u.UserServiceApplication - No active profile set, falling back to 1 default profile: "default"
2025-05-23 11:11:34 INFO  o.s.b.d.e.DevToolsPropertyDefaultsPostProcessor - Devtools property defaults active! Set 'spring.devtools.add-properties' to 'false' to disable
2025-05-23 11:11:34 INFO  o.s.b.d.e.DevToolsPropertyDefaultsPostProcessor - For additional web related logging consider setting the 'logging.level.web' property to 'DEBUG'
2025-05-23 11:11:35 INFO  o.s.d.r.c.RepositoryConfigurationDelegate - Bootstrapping Spring Data JPA repositories in DEFAULT mode.
2025-05-23 11:11:35 INFO  o.s.d.r.c.RepositoryConfigurationDelegate - Finished Spring Data repository scanning in 72 ms. Found 1 JPA repository interface.
2025-05-23 11:11:36 INFO  o.s.b.w.e.tomcat.TomcatWebServer - Tomcat initialized with port(s): 8081 (http)
2025-05-23 11:11:36 INFO  o.a.coyote.http11.Http11NioProtocol - Initializing ProtocolHandler ["http-nio-8081"]
2025-05-23 11:11:36 INFO  o.a.catalina.core.StandardService - Starting service [Tomcat]
2025-05-23 11:11:36 INFO  o.a.catalina.core.StandardEngine - Starting Servlet engine: [Apache Tomcat/10.1.19]
2025-05-23 11:11:37 INFO  o.a.c.c.C.[Tomcat].[localhost].[/] - Initializing Spring embedded WebApplicationContext
2025-05-23 11:11:37 INFO  o.s.b.w.s.c.ServletWebServerApplicationContext - Root WebApplicationContext: initialization completed in 2672 ms
2025-05-23 11:11:37 INFO  o.h.jpa.internal.util.LogHelper - HHH000204: Processing PersistenceUnitInfo [name: default]
2025-05-23 11:11:37 INFO  org.hibernate.Version - HHH000412: Hibernate ORM core version 6.2.22.Final
2025-05-23 11:11:37 INFO  org.hibernate.cfg.Environment - HHH000406: Using bytecode reflection optimizer
2025-05-23 11:11:37 INFO  o.s.o.j.p.SpringPersistenceUnitInfo - No LoadTimeWeaver setup: ignoring JPA class transformer
2025-05-23 11:11:37 INFO  com.zaxxer.hikari.HikariDataSource - HikariPool-1 - Starting...
2025-05-23 11:11:38 INFO  com.zaxxer.hikari.pool.HikariPool - HikariPool-1 - Added connection org.postgresql.jdbc.PgConnection@33b07763
2025-05-23 11:11:38 INFO  com.zaxxer.hikari.HikariDataSource - HikariPool-1 - Start completed.
2025-05-23 11:11:38 WARN  org.hibernate.orm.deprecation - HHH90000025: PostgreSQLDialect does not need to be specified explicitly using 'hibernate.dialect' (remove the property setting and it will be selected by default)
2025-05-23 11:11:39 INFO  o.h.e.t.j.p.i.JtaPlatformInitiator - HHH000489: No JTA platform available (set 'hibernate.transaction.jta.platform' to enable JTA platform integration)
2025-05-23 11:11:39 INFO  o.s.o.j.LocalContainerEntityManagerFactoryBean - Initialized JPA EntityManagerFactory for persistence unit 'default'
2025-05-23 11:11:40 WARN  o.s.b.a.o.j.JpaBaseConfiguration$JpaWebConfiguration - spring.jpa.open-in-view is enabled by default. Therefore, database queries may be performed during view rendering. Explicitly configure spring.jpa.open-in-view to disable this warning
2025-05-23 11:11:40 WARN  o.s.b.a.s.s.UserDetailsServiceAutoConfiguration -

Using generated security password: 24f90b25-25a6-4972-9d19-0202d71886ab

This generated password is for development use only. Your security configuration must be updated before running your application in production.

2025-05-23 11:11:41 INFO  o.s.s.web.DefaultSecurityFilterChain - Will secure any request with [org.springframework.security.web.session.DisableEncodeUrlFilter@24ff51f0, org.springframework.security.web.context.request.async.WebAsyncManagerIntegrationFilter@606313ec, org.springframework.security.web.context.SecurityContextHolderFilter@461a0135, org.springframework.security.web.header.HeaderWriterFilter@70d0e837, org.springframework.security.web.csrf.CsrfFilter@15160b26, org.springframework.security.web.authentication.logout.LogoutFilter@6ebbb3de, org.springframework.security.web.authentication.UsernamePasswordAuthenticationFilter@4fecc38d, org.springframework.security.web.authentication.ui.DefaultLoginPageGeneratingFilter@50799893, org.springframework.security.web.authentication.ui.DefaultLogoutPageGeneratingFilter@5b0111f5, org.springframework.security.web.authentication.www.BasicAuthenticationFilter@768761d, org.springframework.security.web.savedrequest.RequestCacheAwareFilter@6831d899, org.springframework.security.web.servletapi.SecurityContextHolderAwareRequestFilter@5d103d82, org.springframework.security.web.authentication.AnonymousAuthenticationFilter@f8bdd74, org.springframework.security.web.access.ExceptionTranslationFilter@3607586c, org.springframework.security.web.access.intercept.AuthorizationFilter@77c75795]
2025-05-23 11:11:41 INFO  o.s.b.d.a.OptionalLiveReloadServer - LiveReload server is running on port 35729
2025-05-23 11:11:41 INFO  o.a.coyote.http11.Http11NioProtocol - Starting ProtocolHandler ["http-nio-8081"]
2025-05-23 11:11:41 INFO  o.s.b.w.e.tomcat.TomcatWebServer - Tomcat started on port(s): 8081 (http) with context path ''
2025-05-23 11:11:41 INFO  c.u.UserServiceApplication - Started UserServiceApplication in 7.722 seconds (process running for 8.842)
2025-05-23 11:12:04 INFO  o.s.o.j.LocalContainerEntityManagerFactoryBean - Closing JPA EntityManagerFactory for persistence unit 'default'
2025-05-23 11:12:04 INFO  com.zaxxer.hikari.HikariDataSource - HikariPool-1 - Shutdown initiated...
2025-05-23 11:12:04 INFO  com.zaxxer.hikari.HikariDataSource - HikariPool-1 - Shutdown completed.
2025-05-23 11:16:35 INFO  o.h.validator.internal.util.Version - HV000001: Hibernate Validator 8.0.1.Final
2025-05-23 11:16:35 INFO  c.u.UserServiceApplication - Starting UserServiceApplication using Java 21.0.4 with PID 31916 (C:\Users\SHIVPAL\project\Stock market charting app\User Service\User-Service\target\classes started by shivpal in C:\Users\SHIVPAL\project\Stock market charting app\User Service\User-Service)
2025-05-23 11:16:35 INFO  c.u.UserServiceApplication - No active profile set, falling back to 1 default profile: "default"
2025-05-23 11:16:35 INFO  o.s.b.d.e.DevToolsPropertyDefaultsPostProcessor - Devtools property defaults active! Set 'spring.devtools.add-properties' to 'false' to disable
2025-05-23 11:16:35 INFO  o.s.b.d.e.DevToolsPropertyDefaultsPostProcessor - For additional web related logging consider setting the 'logging.level.web' property to 'DEBUG'
2025-05-23 11:16:36 INFO  o.s.d.r.c.RepositoryConfigurationDelegate - Bootstrapping Spring Data JPA repositories in DEFAULT mode.
2025-05-23 11:16:37 INFO  o.s.d.r.c.RepositoryConfigurationDelegate - Finished Spring Data repository scanning in 80 ms. Found 1 JPA repository interface.
2025-05-23 11:16:38 INFO  o.s.b.w.e.tomcat.TomcatWebServer - Tomcat initialized with port(s): 8081 (http)
2025-05-23 11:16:38 INFO  o.a.coyote.http11.Http11NioProtocol - Initializing ProtocolHandler ["http-nio-8081"]
2025-05-23 11:16:38 INFO  o.a.catalina.core.StandardService - Starting service [Tomcat]
2025-05-23 11:16:38 INFO  o.a.catalina.core.StandardEngine - Starting Servlet engine: [Apache Tomcat/10.1.19]
2025-05-23 11:16:38 INFO  o.a.c.c.C.[Tomcat].[localhost].[/] - Initializing Spring embedded WebApplicationContext
2025-05-23 11:16:38 INFO  o.s.b.w.s.c.ServletWebServerApplicationContext - Root WebApplicationContext: initialization completed in 2611 ms
2025-05-23 11:16:38 INFO  o.h.jpa.internal.util.LogHelper - HHH000204: Processing PersistenceUnitInfo [name: default]
2025-05-23 11:16:38 INFO  org.hibernate.Version - HHH000412: Hibernate ORM core version 6.2.22.Final
2025-05-23 11:16:38 INFO  org.hibernate.cfg.Environment - HHH000406: Using bytecode reflection optimizer
2025-05-23 11:16:39 INFO  o.s.o.j.p.SpringPersistenceUnitInfo - No LoadTimeWeaver setup: ignoring JPA class transformer
2025-05-23 11:16:39 INFO  com.zaxxer.hikari.HikariDataSource - HikariPool-1 - Starting...
2025-05-23 11:16:39 INFO  com.zaxxer.hikari.pool.HikariPool - HikariPool-1 - Added connection org.postgresql.jdbc.PgConnection@769140aa
2025-05-23 11:16:39 INFO  com.zaxxer.hikari.HikariDataSource - HikariPool-1 - Start completed.
2025-05-23 11:16:39 WARN  org.hibernate.orm.deprecation - HHH90000025: PostgreSQLDialect does not need to be specified explicitly using 'hibernate.dialect' (remove the property setting and it will be selected by default)
2025-05-23 11:16:40 INFO  o.h.e.t.j.p.i.JtaPlatformInitiator - HHH000489: No JTA platform available (set 'hibernate.transaction.jta.platform' to enable JTA platform integration)
2025-05-23 11:16:40 INFO  o.s.o.j.LocalContainerEntityManagerFactoryBean - Initialized JPA EntityManagerFactory for persistence unit 'default'
2025-05-23 11:16:41 WARN  o.s.b.a.o.j.JpaBaseConfiguration$JpaWebConfiguration - spring.jpa.open-in-view is enabled by default. Therefore, database queries may be performed during view rendering. Explicitly configure spring.jpa.open-in-view to disable this warning
2025-05-23 11:16:42 WARN  o.s.b.a.s.s.UserDetailsServiceAutoConfiguration -

Using generated security password: 570cde29-f2f9-442b-87bc-0f62c77b848e

This generated password is for development use only. Your security configuration must be updated before running your application in production.

2025-05-23 11:16:42 INFO  o.s.s.web.DefaultSecurityFilterChain - Will secure any request with [org.springframework.security.web.session.DisableEncodeUrlFilter@2673eeb, org.springframework.security.web.context.request.async.WebAsyncManagerIntegrationFilter@16de2b92, org.springframework.security.web.context.SecurityContextHolderFilter@64ecd640, org.springframework.security.web.header.HeaderWriterFilter@451207e8, org.springframework.security.web.csrf.CsrfFilter@6dbe490e, org.springframework.security.web.authentication.logout.LogoutFilter@3ee23765, org.springframework.security.web.authentication.UsernamePasswordAuthenticationFilter@35cf413, org.springframework.security.web.authentication.ui.DefaultLoginPageGeneratingFilter@e19d22c, org.springframework.security.web.authentication.ui.DefaultLogoutPageGeneratingFilter@73e86fcf, org.springframework.security.web.authentication.www.BasicAuthenticationFilter@7ead500d, org.springframework.security.web.savedrequest.RequestCacheAwareFilter@4e7d1475, org.springframework.security.web.servletapi.SecurityContextHolderAwareRequestFilter@315e19a9, org.springframework.security.web.authentication.AnonymousAuthenticationFilter@56c7c099, org.springframework.security.web.access.ExceptionTranslationFilter@78ac4ea, org.springframework.security.web.access.intercept.AuthorizationFilter@55aacbb6]
2025-05-23 11:16:42 INFO  o.s.b.d.a.OptionalLiveReloadServer - LiveReload server is running on port 35729
2025-05-23 11:16:42 INFO  o.a.coyote.http11.Http11NioProtocol - Starting ProtocolHandler ["http-nio-8081"]
2025-05-23 11:16:42 INFO  o.s.b.w.e.tomcat.TomcatWebServer - Tomcat started on port(s): 8081 (http) with context path ''
2025-05-23 11:16:42 INFO  c.u.UserServiceApplication - Started UserServiceApplication in 7.347 seconds (process running for 8.439)
2025-05-23 11:17:06 INFO  o.s.o.j.LocalContainerEntityManagerFactoryBean - Closing JPA EntityManagerFactory for persistence unit 'default'
2025-05-23 11:17:06 INFO  com.zaxxer.hikari.HikariDataSource - HikariPool-1 - Shutdown initiated...
2025-05-23 11:17:06 INFO  com.zaxxer.hikari.HikariDataSource - HikariPool-1 - Shutdown completed.
